[12:51:07] [main/INFO] (Launcher) ModLauncher running: args [--launchTarget, forgeclientuserdev, --version, 21.0.40-beta, --assetIndex, 1.21-17, --assetsDir, /Users/snack/.gradle/caches/fabric-loom/assets, --gameDir, ., --fml.neoForgeVersion, 21.0.40-beta, --fml.fmlVersion, 4.0.6, --fml.mcVersion, 1.21, --fml.neoFormVersion, 20240613.152323]
[12:51:07] [main/INFO] (Launcher) JVM identified as Oracle Corporation OpenJDK 64-Bit Server VM 21.0.2+13-58
[12:51:07] [main/INFO] (Launcher) ModLauncher 11.0.3+main.0f24dec3 starting: java version 21.0.2 by Oracle Corporation; OS Mac OS X arch aarch64 version 14.5
[12:51:07] [main/INFO] (ImmediateWindowHandler) Loading ImmediateWindowProvider fmlearlywindow
[12:51:07] [main/INFO] (EARLYDISPLAY) Trying GL version 4.6
[12:51:07] [main/INFO] (EARLYDISPLAY) Trying GL version 4.5
[12:51:07] [main/INFO] (EARLYDISPLAY) Trying GL version 4.4
[12:51:07] [main/INFO] (EARLYDISPLAY) Trying GL version 4.3
[12:51:07] [main/INFO] (EARLYDISPLAY) Trying GL version 4.2
[12:51:07] [main/INFO] (EARLYDISPLAY) Trying GL version 4.1
[12:51:07] [main/INFO] (EARLYDISPLAY) Requested GL version 4.1 got version 4.1
[12:51:08] [main/INFO] (mixin) SpongePowered MIXIN Subsystem Version=0.8.5 Source=union:/Users/snack/.gradle/caches/modules-2/files-2.1/net.fabricmc/sponge-mixin/0.13.4+mixin.0.8.5/8adf0cff1795a169141b9e16ad7b9f6e2527a990/sponge-mixin-0.13.4+mixin.0.8.5.jar%23116!/ Service=ModLauncher Env=CLIENT
[12:51:08] [main/INFO] (ModDiscoverer) Found mod file "neoforge-21.0.40-beta-minecraft-merged-96486b0bfa-1.21-loom.mappings.1_21.layered+hash.426444933-v2-neoforge-21.0.40-beta.jar" [locator: neoforge devenv provider ([/Users/snack/Library/CloudStorage/OneDrive-Personal/Programs-Backup/websites and programes/AdyTechMC/HealthIndicators/.gradle/loom-cache/minecraftMaven/net/minecraft/neoforge-21.0.40-beta-minecraft-merged-96486b0bfa/1.21-loom.mappings.1_21.layered+hash.426444933-v2-neoforge-21.0.40-beta/neoforge-21.0.40-beta-minecraft-merged-96486b0bfa-1.21-loom.mappings.1_21.layered+hash.426444933-v2-neoforge-21.0.40-beta.jar])]
[12:51:08] [main/INFO] (ModDiscoverer) Found mod file "neoforge-21.0.40-beta-minecraft-merged-96486b0bfa-1.21-loom.mappings.1_21.layered+hash.426444933-v2-neoforge-21.0.40-beta.jar" [locator: neoforge devenv provider ([/Users/snack/Library/CloudStorage/OneDrive-Personal/Programs-Backup/websites and programes/AdyTechMC/HealthIndicators/.gradle/loom-cache/minecraftMaven/net/minecraft/neoforge-21.0.40-beta-minecraft-merged-96486b0bfa/1.21-loom.mappings.1_21.layered+hash.426444933-v2-neoforge-21.0.40-beta/neoforge-21.0.40-beta-minecraft-merged-96486b0bfa-1.21-loom.mappings.1_21.layered+hash.426444933-v2-neoforge-21.0.40-beta.jar])]
[12:51:08] [main/INFO] (ModDiscoverer) Found mod file "main" [locator: userdev mods and services, reader: mod manifest]
[12:51:08] [main/INFO] (ModDiscoverer) Found mod file "neoforge-21.0.40-beta-minecraft-merged-96486b0bfa-1.21-loom.mappings.1_21.layered+hash.426444933-v2-neoforge-21.0.40-beta.jar" [locator: userdev mods and services, reader: mod manifest]
[12:51:08] [main/INFO] (ModDiscoverer) Found mod file "architectury-neoforge-13.0.2.jar" [locator: userdev mods and services, reader: mod manifest]
[12:51:08] [main/INFO] (ModDiscoverer) Found mod file "yet-another-config-lib-3.5.0+1.21-neoforge.jar" [locator: userdev mods and services, reader: mod manifest]
[12:51:08] [main/INFO] (ModDiscoverer) Found mod file "16613800292129864952.jar" [locator: userdev mods and services, reader: mod manifest]
[12:51:08] [main/INFO] (ModDiscoverer) Found gamelibrary file "mixinextras-neoforge-0.3.5.jar" [locator: userdev mods and services, reader: mod manifest]
[12:51:08] [main/INFO] (ModDiscoverer) Found library file "kotlinforforge-neoforge-4.10.0-all.jar" [locator: userdev mods and services, reader: mod manifest]
[12:51:08] [pool-5-thread-1/INFO] (EARLYDISPLAY) GL info: Apple M1 Pro GL version 4.1 Metal - 88.1, Apple
[12:51:08] [main/WARN] (JarSelector) Attempted to select a dependency jar for JarJar which was passed in as source: mixinextras-neoforge-0.3.5.jar. Using Mod File: /Users/snack/.gradle/caches/modules-2/files-2.1/io.github.llamalad7/mixinextras-neoforge/0.3.5/ef3ffcf309dae656517b2f120189b1c9b21737dd/mixinextras-neoforge-0.3.5.jar
[12:51:08] [main/INFO] (JarInJarDependencyLocator) No dependencies to load found. Skipping!
[12:51:08] [main/INFO] (FMLServiceProvider) Loading coremod script-engine for [neoforge]
[12:51:09] [main/INFO] (mixin) Compatibility level set to JAVA_21
[12:51:09] [main/INFO] (LaunchServiceHandler) Launching target 'forgeclientuserdev' with arguments [--version, 21.0.40-beta, --gameDir, ., --assetsDir, /Users/snack/.gradle/caches/fabric-loom/assets, --assetIndex, 1.21-17]
[12:51:09] [main/INFO] (unprotect) Found 8262 Minecraft classes
[12:51:09] [main/WARN] (mixin) Error loading class: org/jetbrains/annotations/ApiStatus$Internal (java.lang.ClassNotFoundException: org.jetbrains.annotations.ApiStatus$Internal)
[12:51:09] [main/INFO] (MixinExtras|Service) Initializing MixinExtras via com.llamalad7.mixinextras.service.MixinExtrasServiceImpl(version=0.3.5).
[30Jun2024 12:51:10.435] [Datafixer Bootstrap/INFO] [com.mojang.datafixers.DataFixerBuilder/]: 229 Datafixer optimizations took 189 milliseconds
[30Jun2024 12:51:14.189] [main/WARN] [net.minecraft.server.command.CommandManager/]: Ambiguity between arguments [teleport, location] and [teleport, destination] with inputs: [0.1 -0.5 .9, 0 0 0]
[30Jun2024 12:51:14.190] [main/WARN] [net.minecraft.server.command.CommandManager/]: Ambiguity between arguments [teleport, location] and [teleport, targets] with inputs: [0.1 -0.5 .9, 0 0 0]
[30Jun2024 12:51:14.192] [main/WARN] [net.minecraft.server.command.CommandManager/]: Ambiguity between arguments [teleport, destination] and [teleport, targets] with inputs: [Player, 0123, @e, dd12be42-52a9-4a91-a8a1-11c01849e498]
[30Jun2024 12:51:14.193] [main/WARN] [net.minecraft.server.command.CommandManager/]: Ambiguity between arguments [teleport, targets] and [teleport, destination] with inputs: [Player, 0123, dd12be42-52a9-4a91-a8a1-11c01849e498]
[30Jun2024 12:51:14.194] [main/WARN] [net.minecraft.server.command.CommandManager/]: Ambiguity between arguments [teleport, targets, location] and [teleport, targets, destination] with inputs: [0.1 -0.5 .9, 0 0 0]
[30Jun2024 12:51:14.276] [Render thread/WARN] [net.minecraft.resource.DefaultResourcePackBuilder/]: Assets URL 'union:/Users/snack/Library/CloudStorage/OneDrive-Personal/Programs-Backup/websites%20and%20programes/AdyTechMC/HealthIndicators/.gradle/loom-cache/minecraftMaven/net/minecraft/neoforge-21.0.40-beta-minecraft-merged-96486b0bfa/1.21-loom.mappings.1_21.layered+hash.426444933-v2-neoforge-21.0.40-beta/neoforge-21.0.40-beta-minecraft-merged-96486b0bfa-1.21-loom.mappings.1_21.layered+hash.426444933-v2-neoforge-21.0.40-beta.jar%23187!/assets/.mcassetsroot' uses unexpected schema
[30Jun2024 12:51:14.276] [Render thread/WARN] [net.minecraft.resource.DefaultResourcePackBuilder/]: Assets URL 'union:/Users/snack/Library/CloudStorage/OneDrive-Personal/Programs-Backup/websites%20and%20programes/AdyTechMC/HealthIndicators/.gradle/loom-cache/minecraftMaven/net/minecraft/neoforge-21.0.40-beta-minecraft-merged-96486b0bfa/1.21-loom.mappings.1_21.layered+hash.426444933-v2-neoforge-21.0.40-beta/neoforge-21.0.40-beta-minecraft-merged-96486b0bfa-1.21-loom.mappings.1_21.layered+hash.426444933-v2-neoforge-21.0.40-beta.jar%23187!/data/.mcassetsroot' uses unexpected schema
[30Jun2024 12:51:14.289] [Render thread/INFO] [com.mojang.authlib.yggdrasil.YggdrasilAuthenticationService/]: Environment: Environment[sessionHost=https://sessionserver.mojang.com, servicesHost=https://api.minecraftservices.com, name=PROD]
[30Jun2024 12:51:14.296] [Render thread/INFO] [net.minecraft.client.MinecraftClient/]: Setting user: Dev
[30Jun2024 12:51:14.358] [Render thread/INFO] [net.minecraft.client.MinecraftClient/]: Backend library: LWJGL version 3.3.3+5
[30Jun2024 12:51:14.569] [modloading-worker-0/ERROR] [net.neoforged.fml.javafmlmod.FMLModContainer/LOADING]: Failed to create mod instance. ModID: yet_another_config_lib_v3, class dev.isxander.yacl3.platform.PlatformEntrypoint
java.lang.NoClassDefFoundError: org/quiltmc/parsers/json/gson/GsonWriter
	at TRANSFORMER/yet_another_config_lib_v3@3.5.0+1.21-neoforge/dev.isxander.yacl3.config.v2.impl.serializer.GsonConfigSerializer$Builder.build(GsonConfigSerializer.java:272) ~[yet-another-config-lib-3.5.0+1.21-neoforge.jar%23192!/:?]
	at TRANSFORMER/yet_another_config_lib_v3@3.5.0+1.21-neoforge/dev.isxander.yacl3.config.v2.impl.serializer.GsonConfigSerializer$Builder.build(GsonConfigSerializer.java:216) ~[yet-another-config-lib-3.5.0+1.21-neoforge.jar%23192!/:?]
	at TRANSFORMER/yet_another_config_lib_v3@3.5.0+1.21-neoforge/dev.isxander.yacl3.platform.YACLConfig.lambda$static$0(YACLConfig.java:13) ~[yet-another-config-lib-3.5.0+1.21-neoforge.jar%23192!/:?]
	at TRANSFORMER/yet_another_config_lib_v3@3.5.0+1.21-neoforge/dev.isxander.yacl3.config.v2.impl.ConfigClassHandlerImpl.<init>(ConfigClassHandlerImpl.java:53) ~[yet-another-config-lib-3.5.0+1.21-neoforge.jar%23192!/:?]
	at TRANSFORMER/yet_another_config_lib_v3@3.5.0+1.21-neoforge/dev.isxander.yacl3.config.v2.impl.ConfigClassHandlerImpl$BuilderImpl.build(ConfigClassHandlerImpl.java:261) ~[yet-another-config-lib-3.5.0+1.21-neoforge.jar%23192!/:?]
	at TRANSFORMER/yet_another_config_lib_v3@3.5.0+1.21-neoforge/dev.isxander.yacl3.platform.YACLConfig.<clinit>(YACLConfig.java:14) ~[yet-another-config-lib-3.5.0+1.21-neoforge.jar%23192!/:?]
	at TRANSFORMER/yet_another_config_lib_v3@3.5.0+1.21-neoforge/dev.isxander.yacl3.platform.PlatformEntrypoint.<init>(PlatformEntrypoint.java:25) ~[yet-another-config-lib-3.5.0+1.21-neoforge.jar%23192!/:?]
	at java.base/jdk.internal.reflect.DirectConstructorHandleAccessor.newInstance(DirectConstructorHandleAccessor.java:62) ~[?:?]
	at java.base/java.lang.reflect.Constructor.newInstanceWithCaller(Constructor.java:502) ~[?:?]
	at java.base/java.lang.reflect.Constructor.newInstance(Constructor.java:486) ~[?:?]
	at MC-BOOTSTRAP/fml_loader@4.0.6/net.neoforged.fml.javafmlmod.FMLModContainer.constructMod(FMLModContainer.java:115) ~[loader-4.0.6.jar%2397!/:4.0]
	at MC-BOOTSTRAP/fml_loader@4.0.6/net.neoforged.fml.ModLoader.lambda$constructMods$3(ModLoader.java:152) ~[loader-4.0.6.jar%2397!/:4.0]
	at MC-BOOTSTRAP/fml_loader@4.0.6/net.neoforged.fml.ModLoader.lambda$dispatchParallelTask$7(ModLoader.java:230) ~[loader-4.0.6.jar%2397!/:4.0]
	at java.base/java.util.concurrent.CompletableFuture.uniHandle(CompletableFuture.java:934) [?:?]
	at java.base/java.util.concurrent.CompletableFuture$UniHandle.tryFire(CompletableFuture.java:911) [?:?]
	at java.base/java.util.concurrent.CompletableFuture$Completion.exec(CompletableFuture.java:483) [?:?]
	at java.base/java.util.concurrent.ForkJoinTask.doExec(ForkJoinTask.java:387) [?:?]
	at java.base/java.util.concurrent.ForkJoinPool$WorkQueue.topLevelExec(ForkJoinPool.java:1312) [?:?]
	at java.base/java.util.concurrent.ForkJoinPool.scan(ForkJoinPool.java:1843) [?:?]
	at java.base/java.util.concurrent.ForkJoinPool.runWorker(ForkJoinPool.java:1808) [?:?]
	at java.base/java.util.concurrent.ForkJoinWorkerThread.run(ForkJoinWorkerThread.java:188) [?:?]
Caused by: java.lang.ClassNotFoundException: org.quiltmc.parsers.json.gson.GsonWriter
	at java.base/jdk.internal.loader.BuiltinClassLoader.loadClass(BuiltinClassLoader.java:641) ~[?:?]
	at java.base/java.lang.ClassLoader.loadClass(ClassLoader.java:526) ~[?:?]
	at cpw.mods.securejarhandler/cpw.mods.cl.ModuleClassLoader.loadClass(ModuleClassLoader.java:216) ~[securejarhandler-3.0.8.jar:?]
	at java.base/java.lang.ClassLoader.loadClass(ClassLoader.java:526) ~[?:?]
	at cpw.mods.securejarhandler/cpw.mods.cl.ModuleClassLoader.loadClass(ModuleClassLoader.java:216) ~[securejarhandler-3.0.8.jar:?]
	at java.base/java.lang.ClassLoader.loadClass(ClassLoader.java:526) ~[?:?]
	... 21 more
[30Jun2024 12:51:14.573] [modloading-worker-0/INFO] [net.neoforged.neoforge.common.NeoForgeMod/NEOFORGE-MOD]: NeoForge mod loading, version 21.0.40-beta, for MC 1.21
[30Jun2024 12:51:14.713] [modloading-worker-0/ERROR] [net.neoforged.fml.javafmlmod.FMLModContainer/LOADING]: Failed to create mod instance. ModID: healthindicators, class io.github.adytech99.healthindicators.neoforge.HealthIndicatorsMod
java.lang.NoClassDefFoundError: org/quiltmc/parsers/json/gson/GsonWriter
	at TRANSFORMER/yet_another_config_lib_v3@3.5.0+1.21-neoforge/dev.isxander.yacl3.config.v2.impl.serializer.GsonConfigSerializer$Builder.build(GsonConfigSerializer.java:272) ~[yet-another-config-lib-3.5.0+1.21-neoforge.jar%23192!/:?]
	at TRANSFORMER/yet_another_config_lib_v3@3.5.0+1.21-neoforge/dev.isxander.yacl3.config.v2.impl.serializer.GsonConfigSerializer$Builder.build(GsonConfigSerializer.java:216) ~[yet-another-config-lib-3.5.0+1.21-neoforge.jar%23192!/:?]
	at TRANSFORMER/healthindicators@4.0.0-alpha/io.github.adytech99.healthindicators.neoforge.config.ModConfig.lambda$static$0(ModConfig.java:28) ~[%23189!/:?]
	at TRANSFORMER/yet_another_config_lib_v3@3.5.0+1.21-neoforge/dev.isxander.yacl3.config.v2.impl.ConfigClassHandlerImpl.<init>(ConfigClassHandlerImpl.java:53) ~[yet-another-config-lib-3.5.0+1.21-neoforge.jar%23192!/:?]
	at TRANSFORMER/yet_another_config_lib_v3@3.5.0+1.21-neoforge/dev.isxander.yacl3.config.v2.impl.ConfigClassHandlerImpl$BuilderImpl.build(ConfigClassHandlerImpl.java:261) ~[yet-another-config-lib-3.5.0+1.21-neoforge.jar%23192!/:?]
	at TRANSFORMER/healthindicators@4.0.0-alpha/io.github.adytech99.healthindicators.neoforge.config.ModConfig.<clinit>(ModConfig.java:29) ~[%23189!/:?]
	at TRANSFORMER/healthindicators@4.0.0-alpha/io.github.adytech99.healthindicators.neoforge.HealthIndicatorsMod.<init>(HealthIndicatorsMod.java:148) ~[%23189!/:?]
	at java.base/jdk.internal.reflect.DirectConstructorHandleAccessor.newInstance(DirectConstructorHandleAccessor.java:62) ~[?:?]
	at java.base/java.lang.reflect.Constructor.newInstanceWithCaller(Constructor.java:502) ~[?:?]
	at java.base/java.lang.reflect.Constructor.newInstance(Constructor.java:486) ~[?:?]
	at MC-BOOTSTRAP/fml_loader@4.0.6/net.neoforged.fml.javafmlmod.FMLModContainer.constructMod(FMLModContainer.java:115) ~[loader-4.0.6.jar%2397!/:4.0]
	at MC-BOOTSTRAP/fml_loader@4.0.6/net.neoforged.fml.ModLoader.lambda$constructMods$3(ModLoader.java:152) ~[loader-4.0.6.jar%2397!/:4.0]
	at MC-BOOTSTRAP/fml_loader@4.0.6/net.neoforged.fml.ModLoader.lambda$dispatchParallelTask$7(ModLoader.java:230) ~[loader-4.0.6.jar%2397!/:4.0]
	at java.base/java.util.concurrent.CompletableFuture.uniHandle(CompletableFuture.java:934) [?:?]
	at java.base/java.util.concurrent.CompletableFuture$UniHandle.tryFire(CompletableFuture.java:911) [?:?]
	at java.base/java.util.concurrent.CompletableFuture$Completion.exec(CompletableFuture.java:483) [?:?]
	at java.base/java.util.concurrent.ForkJoinTask.doExec(ForkJoinTask.java:387) [?:?]
	at java.base/java.util.concurrent.ForkJoinPool$WorkQueue.topLevelExec(ForkJoinPool.java:1312) [?:?]
	at java.base/java.util.concurrent.ForkJoinPool.scan(ForkJoinPool.java:1843) [?:?]
	at java.base/java.util.concurrent.ForkJoinPool.runWorker(ForkJoinPool.java:1808) [?:?]
	at java.base/java.util.concurrent.ForkJoinWorkerThread.run(ForkJoinWorkerThread.java:188) [?:?]
Caused by: java.lang.ClassNotFoundException: org.quiltmc.parsers.json.gson.GsonWriter
	at java.base/jdk.internal.loader.BuiltinClassLoader.loadClass(BuiltinClassLoader.java:641) ~[?:?]
	at java.base/java.lang.ClassLoader.loadClass(ClassLoader.java:526) ~[?:?]
	at cpw.mods.securejarhandler/cpw.mods.cl.ModuleClassLoader.loadClass(ModuleClassLoader.java:216) ~[securejarhandler-3.0.8.jar:?]
	at java.base/java.lang.ClassLoader.loadClass(ClassLoader.java:526) ~[?:?]
	at cpw.mods.securejarhandler/cpw.mods.cl.ModuleClassLoader.loadClass(ModuleClassLoader.java:216) ~[securejarhandler-3.0.8.jar:?]
	at java.base/java.lang.ClassLoader.loadClass(ClassLoader.java:526) ~[?:?]
	... 21 more
[30Jun2024 12:51:14.714] [Render thread/FATAL] [net.neoforged.fml.ModLoader/LOADING]: Failed to wait for future Mod Construction, 2 errors found
[30Jun2024 12:51:14.739] [Render thread/WARN] [net.minecraft.client.option.GameOptions/]: Removed resource pack fabric from options because it doesn't seem to exist anymore
[30Jun2024 12:51:14.739] [Render thread/WARN] [net.minecraft.client.option.GameOptions/]: Removed resource pack file/Rainbow HUD from options because it doesn't seem to exist anymore
[30Jun2024 12:51:14.858] [Render thread/ERROR] [net.neoforged.fml.ModLoader/]: Cowardly refusing to send event net.neoforged.neoforge.client.event.sound.SoundEngineLoadEvent to a broken mod state
[30Jun2024 12:51:14.920] [Render thread/ERROR] [net.neoforged.fml.ModLoader/]: Cowardly refusing to send event net.neoforged.neoforge.client.event.RegisterColorHandlersEvent$Block to a broken mod state
[30Jun2024 12:51:14.922] [Render thread/ERROR] [net.neoforged.fml.ModLoader/]: Cowardly refusing to send event net.neoforged.neoforge.client.event.RegisterColorHandlersEvent$Item to a broken mod state
[30Jun2024 12:51:14.949] [Render thread/ERROR] [net.neoforged.fml.ModLoader/]: Cowardly refusing to send event net.neoforged.neoforge.client.event.RegisterRenderBuffersEvent to a broken mod state
[30Jun2024 12:51:14.987] [Render thread/ERROR] [net.neoforged.fml.ModLoader/]: Cowardly refusing to send event net.neoforged.neoforge.client.event.RegisterParticleProvidersEvent to a broken mod state
[30Jun2024 12:51:15.008] [Render thread/ERROR] [net.neoforged.fml.ModLoader/]: Cowardly refusing to send event net.neoforged.neoforge.client.event.RenderLevelStageEvent$RegisterStageEvent to a broken mod state
[30Jun2024 12:51:15.040] [Render thread/ERROR] [net.neoforged.fml.ModLoader/]: Cowardly refusing to send event net.neoforged.neoforge.client.event.RegisterSpriteSourceTypesEvent to a broken mod state
[30Jun2024 12:51:15.054] [Render thread/ERROR] [net.neoforged.fml.ModLoader/]: Cowardly refusing to send event net.neoforged.neoforge.client.event.RegisterMenuScreensEvent to a broken mod state
[30Jun2024 12:51:15.055] [Render thread/ERROR] [net.neoforged.fml.ModLoader/]: Cowardly refusing to send event net.neoforged.neoforge.client.event.RegisterClientReloadListenersEvent to a broken mod state
[30Jun2024 12:51:15.055] [Render thread/ERROR] [net.neoforged.fml.ModLoader/]: Cowardly refusing to send event net.neoforged.neoforge.client.event.EntityRenderersEvent$RegisterLayerDefinitions to a broken mod state
[30Jun2024 12:51:15.055] [Render thread/ERROR] [net.neoforged.fml.ModLoader/]: Cowardly refusing to send event net.neoforged.neoforge.client.event.EntityRenderersEvent$RegisterRenderers to a broken mod state
[30Jun2024 12:51:15.055] [Render thread/ERROR] [net.neoforged.fml.ModLoader/]: Cowardly refusing to send event net.neoforged.neoforge.client.event.RegisterClientTooltipComponentFactoriesEvent to a broken mod state
[30Jun2024 12:51:15.056] [Render thread/ERROR] [net.neoforged.fml.ModLoader/]: Cowardly refusing to send event net.neoforged.neoforge.client.event.RegisterEntitySpectatorShadersEvent to a broken mod state
[30Jun2024 12:51:15.056] [Render thread/ERROR] [net.neoforged.fml.ModLoader/]: Cowardly refusing to send event net.neoforged.neoforge.client.event.RegisterKeyMappingsEvent to a broken mod state
[30Jun2024 12:51:15.057] [Render thread/ERROR] [net.neoforged.fml.ModLoader/]: Cowardly refusing to send event net.neoforged.neoforge.client.event.RegisterRecipeBookCategoriesEvent to a broken mod state
[30Jun2024 12:51:15.057] [Render thread/ERROR] [net.neoforged.fml.ModLoader/]: Cowardly refusing to send event net.neoforged.neoforge.client.event.RegisterGuiLayersEvent to a broken mod state
[30Jun2024 12:51:15.059] [Render thread/ERROR] [net.neoforged.fml.ModLoader/]: Cowardly refusing to send event net.neoforged.neoforge.client.event.RegisterDimensionSpecialEffectsEvent to a broken mod state
[30Jun2024 12:51:15.059] [Render thread/ERROR] [net.neoforged.fml.ModLoader/]: Cowardly refusing to send event net.neoforged.neoforge.client.event.RegisterNamedRenderTypesEvent to a broken mod state
[30Jun2024 12:51:15.059] [Render thread/ERROR] [net.neoforged.fml.ModLoader/]: Cowardly refusing to send event net.neoforged.neoforge.client.event.RegisterColorHandlersEvent$ColorResolvers to a broken mod state
[30Jun2024 12:51:15.060] [Render thread/ERROR] [net.neoforged.fml.ModLoader/]: Cowardly refusing to send event net.neoforged.neoforge.client.event.RegisterItemDecorationsEvent to a broken mod state
[30Jun2024 12:51:15.064] [Render thread/ERROR] [net.neoforged.fml.ModLoader/]: Cowardly refusing to send event net.neoforged.neoforge.client.event.RegisterPresetEditorsEvent to a broken mod state
[30Jun2024 12:51:15.156] [Render thread/INFO] [net.minecraft.resource.ReloadableResourceManagerImpl/]: Reloading ResourceManager: vanilla
[30Jun2024 12:51:15.192] [Render thread/ERROR] [net.neoforged.fml.ModLoader/]: Cowardly refusing to send event net.neoforged.neoforge.client.event.ModelEvent$RegisterGeometryLoaders to a broken mod state
[30Jun2024 12:51:15.279] [Worker-Main-6/INFO] [net.minecraft.client.font.UnihexFont/]: Found unifont_all_no_pua-15.1.05.hex, loading
[30Jun2024 12:51:15.409] [Worker-Main-2/INFO] [net.minecraft.client.font.UnihexFont/]: Found unifont_jp_patch-15.1.05.hex, loading
[30Jun2024 12:51:15.863] [Worker-Main-5/ERROR] [net.neoforged.fml.ModLoader/]: Cowardly refusing to send event net.neoforged.neoforge.client.event.ModelEvent$RegisterAdditional to a broken mod state
[30Jun2024 12:51:16.312] [Worker-Main-5/ERROR] [net.neoforged.fml.ModLoader/]: Cowardly refusing to send event net.neoforged.neoforge.client.event.ModelEvent$ModifyBakingResult to a broken mod state
[30Jun2024 12:51:16.375] [Render thread/WARN] [net.minecraft.client.sound.SoundSystem/]: Missing sound for event: minecraft:item.goat_horn.play
[30Jun2024 12:51:16.375] [Render thread/WARN] [net.minecraft.client.sound.SoundSystem/]: Missing sound for event: minecraft:entity.goat.screaming.horn_break
[30Jun2024 12:51:16.449] [Render thread/INFO] [net.minecraft.client.sound.SoundEngine/]: OpenAL initialized on device MacBook Pro Speakers
[30Jun2024 12:51:16.451] [Render thread/INFO] [net.minecraft.client.sound.SoundSystem/SOUNDS]: Sound engine started
[30Jun2024 12:51:16.452] [Render thread/ERROR] [net.neoforged.fml.ModLoader/]: Cowardly refusing to send event net.neoforged.neoforge.client.event.sound.SoundEngineLoadEvent to a broken mod state
[30Jun2024 12:51:16.527] [Render thread/INFO] [net.minecraft.client.texture.SpriteAtlasTexture/]: Created: 1024x512x0 minecraft:textures/atlas/blocks.png-atlas
[30Jun2024 12:51:16.531] [Render thread/ERROR] [net.neoforged.fml.ModLoader/]: Cowardly refusing to send event net.neoforged.neoforge.client.event.TextureAtlasStitchedEvent to a broken mod state
[30Jun2024 12:51:16.532] [Render thread/INFO] [net.minecraft.client.texture.SpriteAtlasTexture/]: Created: 256x256x0 minecraft:textures/atlas/signs.png-atlas
[30Jun2024 12:51:16.532] [Render thread/ERROR] [net.neoforged.fml.ModLoader/]: Cowardly refusing to send event net.neoforged.neoforge.client.event.TextureAtlasStitchedEvent to a broken mod state
[30Jun2024 12:51:16.532] [Render thread/INFO] [net.minecraft.client.texture.SpriteAtlasTexture/]: Created: 512x512x0 minecraft:textures/atlas/banner_patterns.png-atlas
[30Jun2024 12:51:16.532] [Render thread/ERROR] [net.neoforged.fml.ModLoader/]: Cowardly refusing to send event net.neoforged.neoforge.client.event.TextureAtlasStitchedEvent to a broken mod state
[30Jun2024 12:51:16.532] [Render thread/INFO] [net.minecraft.client.texture.SpriteAtlasTexture/]: Created: 512x512x0 minecraft:textures/atlas/shield_patterns.png-atlas
[30Jun2024 12:51:16.533] [Render thread/ERROR] [net.neoforged.fml.ModLoader/]: Cowardly refusing to send event net.neoforged.neoforge.client.event.TextureAtlasStitchedEvent to a broken mod state
[30Jun2024 12:51:16.533] [Render thread/INFO] [net.minecraft.client.texture.SpriteAtlasTexture/]: Created: 1024x1024x0 minecraft:textures/atlas/armor_trims.png-atlas
[30Jun2024 12:51:16.534] [Render thread/ERROR] [net.neoforged.fml.ModLoader/]: Cowardly refusing to send event net.neoforged.neoforge.client.event.TextureAtlasStitchedEvent to a broken mod state
[30Jun2024 12:51:16.535] [Render thread/INFO] [net.minecraft.client.texture.SpriteAtlasTexture/]: Created: 256x256x0 minecraft:textures/atlas/chest.png-atlas
[30Jun2024 12:51:16.535] [Render thread/ERROR] [net.neoforged.fml.ModLoader/]: Cowardly refusing to send event net.neoforged.neoforge.client.event.TextureAtlasStitchedEvent to a broken mod state
[30Jun2024 12:51:16.535] [Render thread/INFO] [net.minecraft.client.texture.SpriteAtlasTexture/]: Created: 128x64x0 minecraft:textures/atlas/decorated_pot.png-atlas
[30Jun2024 12:51:16.535] [Render thread/ERROR] [net.neoforged.fml.ModLoader/]: Cowardly refusing to send event net.neoforged.neoforge.client.event.TextureAtlasStitchedEvent to a broken mod state
[30Jun2024 12:51:16.535] [Render thread/INFO] [net.minecraft.client.texture.SpriteAtlasTexture/]: Created: 512x256x0 minecraft:textures/atlas/beds.png-atlas
[30Jun2024 12:51:16.535] [Render thread/ERROR] [net.neoforged.fml.ModLoader/]: Cowardly refusing to send event net.neoforged.neoforge.client.event.TextureAtlasStitchedEvent to a broken mod state
[30Jun2024 12:51:16.535] [Render thread/INFO] [net.minecraft.client.texture.SpriteAtlasTexture/]: Created: 512x256x0 minecraft:textures/atlas/shulker_boxes.png-atlas
[30Jun2024 12:51:16.536] [Render thread/ERROR] [net.neoforged.fml.ModLoader/]: Cowardly refusing to send event net.neoforged.neoforge.client.event.TextureAtlasStitchedEvent to a broken mod state
[30Jun2024 12:51:16.536] [Render thread/ERROR] [net.neoforged.fml.ModLoader/]: Cowardly refusing to send event net.neoforged.neoforge.client.event.ModelEvent$BakingCompleted to a broken mod state
[30Jun2024 12:51:16.586] [Render thread/ERROR] [net.neoforged.fml.ModLoader/]: Cowardly refusing to send event net.neoforged.neoforge.client.event.EntityRenderersEvent$CreateSkullModels to a broken mod state
[30Jun2024 12:51:16.587] [Render thread/ERROR] [net.neoforged.fml.ModLoader/]: Cowardly refusing to send event net.neoforged.neoforge.client.event.EntityRenderersEvent$CreateSkullModels to a broken mod state
[30Jun2024 12:51:16.682] [Render thread/ERROR] [net.neoforged.fml.ModLoader/]: Cowardly refusing to send event net.neoforged.neoforge.client.event.EntityRenderersEvent$CreateSkullModels to a broken mod state
[30Jun2024 12:51:16.683] [Render thread/ERROR] [net.neoforged.fml.ModLoader/]: Cowardly refusing to send event net.neoforged.neoforge.client.event.EntityRenderersEvent$CreateSkullModels to a broken mod state
[30Jun2024 12:51:16.684] [Render thread/ERROR] [net.neoforged.fml.ModLoader/]: Cowardly refusing to send event net.neoforged.neoforge.client.event.EntityRenderersEvent$CreateSkullModels to a broken mod state
[30Jun2024 12:51:16.686] [Render thread/ERROR] [net.neoforged.fml.ModLoader/]: Cowardly refusing to send event net.neoforged.neoforge.client.event.EntityRenderersEvent$CreateSkullModels to a broken mod state
[30Jun2024 12:51:16.687] [Render thread/ERROR] [net.neoforged.fml.ModLoader/]: Cowardly refusing to send event net.neoforged.neoforge.client.event.EntityRenderersEvent$CreateSkullModels to a broken mod state
[30Jun2024 12:51:16.688] [Render thread/ERROR] [net.neoforged.fml.ModLoader/]: Cowardly refusing to send event net.neoforged.neoforge.client.event.EntityRenderersEvent$CreateSkullModels to a broken mod state
[30Jun2024 12:51:16.688] [Render thread/ERROR] [net.neoforged.fml.ModLoader/]: Cowardly refusing to send event net.neoforged.neoforge.client.event.EntityRenderersEvent$CreateSkullModels to a broken mod state
[30Jun2024 12:51:16.689] [Render thread/ERROR] [net.neoforged.fml.ModLoader/]: Cowardly refusing to send event net.neoforged.neoforge.client.event.EntityRenderersEvent$CreateSkullModels to a broken mod state
[30Jun2024 12:51:16.690] [Render thread/ERROR] [net.neoforged.fml.ModLoader/]: Cowardly refusing to send event net.neoforged.neoforge.client.event.EntityRenderersEvent$CreateSkullModels to a broken mod state
[30Jun2024 12:51:16.690] [Render thread/ERROR] [net.neoforged.fml.ModLoader/]: Cowardly refusing to send event net.neoforged.neoforge.client.event.EntityRenderersEvent$CreateSkullModels to a broken mod state
[30Jun2024 12:51:16.692] [Render thread/ERROR] [net.neoforged.fml.ModLoader/]: Cowardly refusing to send event net.neoforged.neoforge.client.event.EntityRenderersEvent$CreateSkullModels to a broken mod state
[30Jun2024 12:51:16.692] [Render thread/ERROR] [net.neoforged.fml.ModLoader/]: Cowardly refusing to send event net.neoforged.neoforge.client.event.EntityRenderersEvent$CreateSkullModels to a broken mod state
[30Jun2024 12:51:16.694] [Render thread/ERROR] [net.neoforged.fml.ModLoader/]: Cowardly refusing to send event net.neoforged.neoforge.client.event.EntityRenderersEvent$CreateSkullModels to a broken mod state
[30Jun2024 12:51:16.695] [Render thread/ERROR] [net.neoforged.fml.ModLoader/]: Cowardly refusing to send event net.neoforged.neoforge.client.event.EntityRenderersEvent$CreateSkullModels to a broken mod state
[30Jun2024 12:51:16.697] [Render thread/ERROR] [net.neoforged.fml.ModLoader/]: Cowardly refusing to send event net.neoforged.neoforge.client.event.EntityRenderersEvent$CreateSkullModels to a broken mod state
[30Jun2024 12:51:16.698] [Render thread/ERROR] [net.neoforged.fml.ModLoader/]: Cowardly refusing to send event net.neoforged.neoforge.client.event.EntityRenderersEvent$CreateSkullModels to a broken mod state
[30Jun2024 12:51:16.699] [Render thread/ERROR] [net.neoforged.fml.ModLoader/]: Cowardly refusing to send event net.neoforged.neoforge.client.event.EntityRenderersEvent$CreateSkullModels to a broken mod state
[30Jun2024 12:51:16.699] [Render thread/ERROR] [net.neoforged.fml.ModLoader/]: Cowardly refusing to send event net.neoforged.neoforge.client.event.EntityRenderersEvent$CreateSkullModels to a broken mod state
[30Jun2024 12:51:16.702] [Render thread/ERROR] [net.neoforged.fml.ModLoader/]: Cowardly refusing to send event net.neoforged.neoforge.client.event.EntityRenderersEvent$CreateSkullModels to a broken mod state
[30Jun2024 12:51:16.703] [Render thread/ERROR] [net.neoforged.fml.ModLoader/]: Cowardly refusing to send event net.neoforged.neoforge.client.event.EntityRenderersEvent$CreateSkullModels to a broken mod state
[30Jun2024 12:51:16.703] [Render thread/ERROR] [net.neoforged.fml.ModLoader/]: Cowardly refusing to send event net.neoforged.neoforge.client.event.EntityRenderersEvent$AddLayers to a broken mod state
[30Jun2024 12:51:16.703] [Render thread/INFO] [net.minecraft.client.texture.SpriteAtlasTexture/]: Created: 512x256x0 minecraft:textures/atlas/particles.png-atlas
[30Jun2024 12:51:16.703] [Render thread/ERROR] [net.neoforged.fml.ModLoader/]: Cowardly refusing to send event net.neoforged.neoforge.client.event.TextureAtlasStitchedEvent to a broken mod state
[30Jun2024 12:51:16.704] [Render thread/INFO] [net.minecraft.client.texture.SpriteAtlasTexture/]: Created: 512x256x0 minecraft:textures/atlas/paintings.png-atlas
[30Jun2024 12:51:16.704] [Render thread/ERROR] [net.neoforged.fml.ModLoader/]: Cowardly refusing to send event net.neoforged.neoforge.client.event.TextureAtlasStitchedEvent to a broken mod state
[30Jun2024 12:51:16.704] [Render thread/INFO] [net.minecraft.client.texture.SpriteAtlasTexture/]: Created: 256x128x0 minecraft:textures/atlas/mob_effects.png-atlas
[30Jun2024 12:51:16.704] [Render thread/ERROR] [net.neoforged.fml.ModLoader/]: Cowardly refusing to send event net.neoforged.neoforge.client.event.TextureAtlasStitchedEvent to a broken mod state
[30Jun2024 12:51:16.704] [Render thread/INFO] [net.minecraft.client.texture.SpriteAtlasTexture/]: Created: 64x64x0 minecraft:textures/atlas/map_decorations.png-atlas
[30Jun2024 12:51:16.704] [Render thread/ERROR] [net.neoforged.fml.ModLoader/]: Cowardly refusing to send event net.neoforged.neoforge.client.event.TextureAtlasStitchedEvent to a broken mod state
[30Jun2024 12:51:16.704] [Render thread/INFO] [net.minecraft.client.texture.SpriteAtlasTexture/]: Created: 1024x512x0 minecraft:textures/atlas/gui.png-atlas
[30Jun2024 12:51:16.705] [Render thread/ERROR] [net.neoforged.fml.ModLoader/]: Cowardly refusing to send event net.neoforged.neoforge.client.event.TextureAtlasStitchedEvent to a broken mod state
[30Jun2024 12:51:16.747] [Render thread/WARN] [net.minecraft.client.gl.ShaderProgram/]: Shader rendertype_entity_translucent_emissive could not find sampler named Sampler2 in the specified shader program.
[30Jun2024 12:51:16.809] [Render thread/ERROR] [net.neoforged.fml.ModLoader/]: Cowardly refusing to send event net.neoforged.neoforge.client.event.RegisterShadersEvent to a broken mod state
[30Jun2024 12:51:17.153] [Render thread/FATAL] [net.neoforged.neoforge.common.NeoForgeMod/]: Preparing crash report with UUID 92c4d310-eaf9-48e2-85b3-9d25015caa88
[30Jun2024 12:51:17.154] [Render thread/FATAL] [net.neoforged.neoforge.client.loading.ClientModLoader/]: Crash report saved to ./crash-reports/crash-2024-06-30_12.51.17-fml.txt
[30Jun2024 12:51:17.155] [Render thread/FATAL] [net.neoforged.neoforge.common.NeoForgeMod/]: Preparing crash report with UUID c17d3fa3-323f-44b6-8360-c22b0248de77
[30Jun2024 12:51:25.230] [Render thread/INFO] [net.minecraft.client.MinecraftClient/]: Stopping!
